


ARM Macro Assembler    Page 1 


    1 00000000                 AREA             Flags2, CODE, READONLY
    2 00000000                 IMPORT           main
    3 00000000                 EXPORT           start
    4 00000000         
    5 00000000         start
    6 00000000 E3A00001        LDR              R0, = 0x00000001
    7 00000004 E0902000        ADDS             R2,     R0,     R0 
                                                            ;N=0 Z=0 C=0 V=0
    8 00000008         
    9 00000008         
   10 00000008 E59F003C        LDR              R0, = 0xFFFFFFFF
   11 0000000C E3A01000        LDR              R1, = 0x00000000
   12 00000010 E0902001        ADDS             R2,     R0,     R1 
                                                            ;N=1 Z=0 C=0 V=0
   13 00000014         
   14 00000014 E3A01002        LDR              R1, = 0x00000002
   15 00000018 E0912000        ADDS             R2,     R1,     R0 ;C=1 rest=0
   16 0000001C         
   17 0000001C E59F0028        LDR              R0, = 0xFFFFFFFF
   18 00000020 E0902000        ADDS             R2,     R0,     R0 
                                                            ;N=1 C=1 rest=0
   19 00000024         
   20 00000024 E59F0020        LDR              R0, = 0xFFFFFFFF
   21 00000028 E3A01001        LDR              R1, = 0x00000001
   22 0000002C E0912000        ADDS             R2,     R1,     R0 
                                                            ;Z=1 C=1 rest=0
   23 00000030         
   24 00000030 E3A00000        LDR              R0, = 0x00000000
   25 00000034 E0902000        ADDS             R2,     R0,     R0 ;Z=1 rest=0
   26 00000038         
   27 00000038 E59F0010        LDR              R0, = 0x5FFFFFFF
   28 0000003C E0902000        ADDS             R2,     R0,     R0 
                                                            ;N=1 V=1 rest=0
   29 00000040         
   30 00000040 E3A00106        LDR              R0, =0x80000001
   31 00000044 E0902000        ADDS             R2,     R0,     R0
   32 00000048         
   33 00000048         ;LDR     R0, = 0x80000000
   34 00000048         ;ADDS    R2,     R0,     R0 
   35 00000048         
   36 00000048         
   37 00000048         
   38 00000048 EAFFFFFE 
                       stop    B                stop
   39 0000004C         
   40 0000004C                 END
              FFFFFFFF 
              5FFFFFFF 
Command Line: --debug --xref --apcs=interwork --depend=.\flags2.d -o.\flags2.o 
-IC:\Keil\ARM\RV31\INC -IC:\Keil\ARM\CMSIS\Include -IC:\Keil\ARM\Inc\Philips --
predefine="__EVAL SETA 1" --predefine="__MICROLIB SETA 1" --predefine="NO_CLOCK
_SETUP SETA 1" --predefine="NO_EMC_SETUP SETA 1" --predefine="RAM_INTVEC SETA 1
" --predefine="RAM_MODE SETA 1" --predefine="REMAP SETA 1" --list=.\flags2.lst 
Flags2.s



ARM Macro Assembler    Page 1 Alphabetic symbol ordering
Relocatable symbols

Flags2 00000000

Symbol: Flags2
   Definitions
      At line 1 in file Flags2.s
   Uses
      None
Comment: Flags2 unused
start 00000000

Symbol: start
   Definitions
      At line 5 in file Flags2.s
   Uses
      At line 3 in file Flags2.s
Comment: start used once
stop 00000048

Symbol: stop
   Definitions
      At line 38 in file Flags2.s
   Uses
      At line 38 in file Flags2.s
Comment: stop used once
3 symbols



ARM Macro Assembler    Page 1 Alphabetic symbol ordering
External symbols

main 00000000

Symbol: main
   Definitions
      At line 2 in file Flags2.s
   Uses
      None
Comment: main unused
1 symbol
343 symbols in table
