


ARM Macro Assembler    Page 1 


    1 00000000                 AREA             ProperCase, CODE, READONLY
    2 00000000                 IMPORT           main
    3 00000000                 EXPORT           start
    4 00000000         
    5 00000000         start
    6 00000000 E59F1064        LDR              R1, = testStr
    7 00000004 EA000006        b                capcheckbranch
    8 00000008         nextaddress
    9 00000008 E2811001        ADD              R1, R1, #1
   10 0000000C         loadnextchar
   11 0000000C E5D12000        LDRB             R2, [R1]
   12 00000010 E3520000        CMP              R2, #0
   13 00000014 0A000013        BEQ              stop
   14 00000018 E3520020        CMP              R2, #' '
   15 0000001C 1A00000A        BNE              turnintolowercase
   16 00000020 E2811001        ADD              R1, R1, #1
   17 00000024         capcheckbranch
   18 00000024 E5D12000        LDRB             R2, [R1]
   19 00000028 E3520000        CMP              R2, #0
   20 0000002C 0A00000D        BEQ              stop
   21 00000030         turnintocaps
   22 00000030 E3520061        CMP              R2, #0x61   ;check if <a ascii
   23 00000034 3AFFFFF3        BLO              nextaddress
   24 00000038 E352007A        CMP              R2, #0x7A   ;check if >z ascii
   25 0000003C 8AFFFFF1        BHI              nextaddress
   26 00000040 E2422020        SUB              R2, R2, #0x20
   27 00000044 E5C12000        STRB             R2, [R1]
   28 00000048 EAFFFFEE        b                nextaddress
   29 0000004C         turnintolowercase
   30 0000004C E3520041        CMP              R2, #0x41   ;check if <A
   31 00000050 3AFFFFEC        BLO              nextaddress
   32 00000054 E352005A        CMP              R2, #0x5A   ;check if >Z
   33 00000058 8AFFFFEA        BHI              nextaddress
   34 0000005C E2822020        ADD              R2, R2, #0x20
   35 00000060 E5C12000        STRB             R2, [R1]
   36 00000064 EAFFFFE7        b                nextaddress
   37 00000068         
   38 00000068         
   39 00000068 EAFFFFFE 
                       stop    B                stop
   40 0000006C         
   41 0000006C         
   42 0000006C         
   43 0000006C 00000000        AREA             TestData, DATA, READWRITE
   44 00000000         
   45 00000000 68 65 6C 
              6C 6F 20 
              57 4F 52 
              4C 44 20 
              6A 6B 20 
              00       testStr DCB              "hello WORLD jk ",0
   46 00000010         
   47 00000010                 END
Command Line: --debug --xref --apcs=interwork --depend=.\propercase.d -o.\prope
rcase.o -IC:\Keil\ARM\RV31\INC -IC:\Keil\ARM\CMSIS\Include -IC:\Keil\ARM\Inc\Ph
ilips --predefine="__EVAL SETA 1" --predefine="__MICROLIB SETA 1" --predefine="
NO_CLOCK_SETUP SETA 1" --predefine="NO_EMC_SETUP SETA 1" --predefine="RAM_INTVE
C SETA 1" --predefine="RAM_MODE SETA 1" --predefine="REMAP SETA 1" --list=.\pro
percase.lst ProperCase.s



ARM Macro Assembler    Page 1 Alphabetic symbol ordering
Relocatable symbols

ProperCase 00000000

Symbol: ProperCase
   Definitions
      At line 1 in file ProperCase.s
   Uses
      None
Comment: ProperCase unused
capcheckbranch 00000024

Symbol: capcheckbranch
   Definitions
      At line 17 in file ProperCase.s
   Uses
      At line 7 in file ProperCase.s
Comment: capcheckbranch used once
loadnextchar 0000000C

Symbol: loadnextchar
   Definitions
      At line 10 in file ProperCase.s
   Uses
      None
Comment: loadnextchar unused
nextaddress 00000008

Symbol: nextaddress
   Definitions
      At line 8 in file ProperCase.s
   Uses
      At line 23 in file ProperCase.s
      At line 25 in file ProperCase.s
      At line 28 in file ProperCase.s
      At line 31 in file ProperCase.s
      At line 33 in file ProperCase.s
      At line 36 in file ProperCase.s

start 00000000

Symbol: start
   Definitions
      At line 5 in file ProperCase.s
   Uses
      At line 3 in file ProperCase.s
Comment: start used once
stop 00000068

Symbol: stop
   Definitions
      At line 39 in file ProperCase.s
   Uses
      At line 13 in file ProperCase.s
      At line 20 in file ProperCase.s
      At line 39 in file ProperCase.s

turnintocaps 00000030

Symbol: turnintocaps
   Definitions



ARM Macro Assembler    Page 2 Alphabetic symbol ordering
Relocatable symbols

      At line 21 in file ProperCase.s
   Uses
      None
Comment: turnintocaps unused
turnintolowercase 0000004C

Symbol: turnintolowercase
   Definitions
      At line 29 in file ProperCase.s
   Uses
      At line 15 in file ProperCase.s
Comment: turnintolowercase used once
8 symbols



ARM Macro Assembler    Page 1 Alphabetic symbol ordering
Relocatable symbols

TestData 00000000

Symbol: TestData
   Definitions
      At line 43 in file ProperCase.s
   Uses
      None
Comment: TestData unused
testStr 00000000

Symbol: testStr
   Definitions
      At line 45 in file ProperCase.s
   Uses
      At line 6 in file ProperCase.s
Comment: testStr used once
2 symbols



ARM Macro Assembler    Page 1 Alphabetic symbol ordering
External symbols

main 00000000

Symbol: main
   Definitions
      At line 2 in file ProperCase.s
   Uses
      None
Comment: main unused
1 symbol
350 symbols in table
