


ARM Macro Assembler    Page 1 


    1 00000000                 AREA             StatEval, CODE, READONLY
    2 00000000                 IMPORT           main
    3 00000000                 IMPORT           getkey
    4 00000000                 IMPORT           sendchar
    5 00000000                 EXPORT           start
    6 00000000                 PRESERVE8
    7 00000000         
    8 00000000         start
    9 00000000 E3A0500A        LDR              R5, = 10
   10 00000004 E3A07000        LDR              R7, = 0
   11 00000008 E3A08000        LDR              R8, = 0
   12 0000000C E3A09000        LDR              R9, = 0
   13 00000010 E3A0A000        LDR              R10, = 0
   14 00000014 E3A0B000        LDR              R11, = 0
   15 00000018         newInstruction
   16 00000018 E3A04000        LDR              R4, = 0
   17 0000001C         read
   18 0000001C         
   19 0000001C EBFFFFFE        BL               getkey      ; read key from con
                                                            sole
   20 00000020 E350000D        CMP              R0, #0x0D   ; while (key != CR)
                                                            
   21 00000024 0A000004        BEQ              endRead     ;{
   22 00000028 EBFFFFFE        BL               sendchar    ;   echo key back t
                                                            o console
   23 0000002C E0040495        MUL              R4,     R5,     R4
   24 00000030 E2406030        SUB              R6,     R0,     #'0'
   25 00000034 E0844006        ADD              R4,     R4,     R6 ;Adds decima
                                                            l unsigned value of
                                                             user key to R4
   26 00000038         
   27 00000038 EAFFFFF7        B                read        ; }
   28 0000003C         
   29 0000003C         endRead
   30 0000003C E3A0B000        LDR              R11, = 0
   31 00000040 E2877001        ADD              R7,     R7,     #1 ;Count
   32 00000044 E0888004        ADD              R8,     R8,     R4 ;sum
   33 00000048 E1A06008        MOV              R6,     R8
   34 0000004C         
   35 0000004C E1580004        CMP              R8,     R4  ;if first iteration
                                                             of loop
   36 00000050 1A000002        BNE              maxCheck
   37 00000054 E1A09004        MOV              R9,     R4
   38 00000058 E1A0A004        MOV              R10,    R4
   39 0000005C EA000008        b                firstDivision
   40 00000060         
   41 00000060         maxCheck
   42 00000060 E1540009        CMP              R4,     R9  ;if(R4>R9){
   43 00000064 9A000000        BLS              minCheck    ;R9 = R4
   44 00000068 E1A09004        MOV              R9,     R4  ;}
   45 0000006C         minCheck
   46 0000006C E154000A        CMP              R4,    R10  ;if(R4<R10){ 
   47 00000070 2A000003        BHS              firstDivision ;R10 = R4
   48 00000074 E1A0A004        MOV              R10,    R4  ;}
   49 00000078 EA000001        b                firstDivision
   50 0000007C         while
   51 0000007C 0A000005        BEQ              noRemainder
   52 00000080 3A000002        BLO              remainder
   53 00000084         firstDivision



ARM Macro Assembler    Page 2 


   54 00000084 E28BB001        ADD              R11,    R11,    #1
   55 00000088 E0566007        SUBS             R6,     R6,     R7 ;Divides sum
                                                             by count
   56 0000008C EAFFFFFA        b                while
   57 00000090         remainder
   58 00000090 E24BB001        SUB              R11,    R11,    #1
   59 00000094 E0866007        ADD              R6,     R6,     R7
   60 00000098         noRemainder
   61 00000098 EAFFFFDE        b                newInstruction
   62 0000009C         
   63 0000009C EAFFFFFE 
                       stop    B                stop
   64 000000A0         
   65 000000A0                 END
Command Line: --debug --xref --apcs=interwork --depend=.\stateval.d -o.\stateva
l.o -IC:\Keil\ARM\RV31\INC -IC:\Keil\ARM\CMSIS\Include -IC:\Keil\ARM\Inc\Philip
s --predefine="__EVAL SETA 1" --predefine="__MICROLIB SETA 1" --predefine="NO_C
LOCK_SETUP SETA 1" --predefine="NO_EMC_SETUP SETA 1" --predefine="RAM_INTVEC SE
TA 1" --predefine="RAM_MODE SETA 1" --predefine="REMAP SETA 1" --list=.\stateva
l.lst StatEval.s



ARM Macro Assembler    Page 1 Alphabetic symbol ordering
Relocatable symbols

StatEval 00000000

Symbol: StatEval
   Definitions
      At line 1 in file StatEval.s
   Uses
      None
Comment: StatEval unused
endRead 0000003C

Symbol: endRead
   Definitions
      At line 29 in file StatEval.s
   Uses
      At line 21 in file StatEval.s
Comment: endRead used once
firstDivision 00000084

Symbol: firstDivision
   Definitions
      At line 53 in file StatEval.s
   Uses
      At line 39 in file StatEval.s
      At line 47 in file StatEval.s
      At line 49 in file StatEval.s

maxCheck 00000060

Symbol: maxCheck
   Definitions
      At line 41 in file StatEval.s
   Uses
      At line 36 in file StatEval.s
Comment: maxCheck used once
minCheck 0000006C

Symbol: minCheck
   Definitions
      At line 45 in file StatEval.s
   Uses
      At line 43 in file StatEval.s
Comment: minCheck used once
newInstruction 00000018

Symbol: newInstruction
   Definitions
      At line 15 in file StatEval.s
   Uses
      At line 61 in file StatEval.s
Comment: newInstruction used once
noRemainder 00000098

Symbol: noRemainder
   Definitions
      At line 60 in file StatEval.s
   Uses
      At line 51 in file StatEval.s
Comment: noRemainder used once
read 0000001C



ARM Macro Assembler    Page 2 Alphabetic symbol ordering
Relocatable symbols


Symbol: read
   Definitions
      At line 17 in file StatEval.s
   Uses
      At line 27 in file StatEval.s
Comment: read used once
remainder 00000090

Symbol: remainder
   Definitions
      At line 57 in file StatEval.s
   Uses
      At line 52 in file StatEval.s
Comment: remainder used once
start 00000000

Symbol: start
   Definitions
      At line 8 in file StatEval.s
   Uses
      At line 5 in file StatEval.s
Comment: start used once
stop 0000009C

Symbol: stop
   Definitions
      At line 63 in file StatEval.s
   Uses
      At line 63 in file StatEval.s
Comment: stop used once
while 0000007C

Symbol: while
   Definitions
      At line 50 in file StatEval.s
   Uses
      At line 56 in file StatEval.s
Comment: while used once
12 symbols



ARM Macro Assembler    Page 1 Alphabetic symbol ordering
External symbols

getkey 00000000

Symbol: getkey
   Definitions
      At line 3 in file StatEval.s
   Uses
      At line 19 in file StatEval.s
Comment: getkey used once
main 00000000

Symbol: main
   Definitions
      At line 2 in file StatEval.s
   Uses
      None
Comment: main unused
sendchar 00000000

Symbol: sendchar
   Definitions
      At line 4 in file StatEval.s
   Uses
      At line 22 in file StatEval.s
Comment: sendchar used once
3 symbols
352 symbols in table
