


ARM Macro Assembler    Page 1 


    1 00000000                 AREA             Anagram, CODE, READONLY
    2 00000000                 IMPORT           main
    3 00000000                 EXPORT           start
    4 00000000         
    5 00000000         start
    6 00000000 E59F10D0        LDR              R1, = stringA
    7 00000004 E1A02001        MOV              R2,     R1
    8 00000008 E5D14000        LDRB             R4,     [R1]
    9 0000000C EA000004        b                Asorting
   10 00000010         nextchar
   11 00000010 E2811001        ADD              R1,     R1,     #1
   12 00000014 E5D14000        LDRB             R4,    [R1]
   13 00000018 E3540000        CMP              R4,     #0
   14 0000001C 0A00000B        BEQ              Acomplete
   15 00000020 E1A02001        MOV              R2,     R1
   16 00000024         Asorting
   17 00000024 E2822001        ADD              R2,     R2,     #1 ;moves to ne
                                                            xt element
   18 00000028 E5D23000        LDRB             R3,     [R2]
   19 0000002C E3530000        CMP              R3,     #0
   20 00000030 0AFFFFF6        BEQ              nextchar
   21 00000034 E1540003        CMP              R4,     R3
   22 00000038 CA000000        BGT              swap
   23 0000003C EAFFFFF8        b                Asorting
   24 00000040         swap
   25 00000040 E5C24000        STRB             R4,    [R2]
   26 00000044 E5C13000        STRB             R3,    [R1]
   27 00000048 E5D14000        LDRB             R4,    [R1]
   28 0000004C EAFFFFF4        b                Asorting
   29 00000050         Acomplete
   30 00000050 E59F1084        LDR              R1, = stringB
   31 00000054 E1A02001        MOV              R2,     R1
   32 00000058 E5D14000        LDRB             R4,     [R1]
   33 0000005C EA000004        b                Bsorting
   34 00000060         nextvalue
   35 00000060 E2811001        ADD              R1,     R1,     #1
   36 00000064 E5D14000        LDRB             R4,    [R1]
   37 00000068 E3540000        CMP              R4,     #0
   38 0000006C 0A00000B        BEQ              Bcomplete
   39 00000070 E1A02001        MOV              R2,     R1
   40 00000074         Bsorting
   41 00000074 E2822001        ADD              R2,     R2,     #1 ;moves to ne
                                                            xt element
   42 00000078 E5D23000        LDRB             R3,     [R2]
   43 0000007C E3530000        CMP              R3,     #0
   44 00000080 0AFFFFF6        BEQ              nextvalue
   45 00000084 E1540003        CMP              R4,     R3
   46 00000088 CA000000        BGT              resort
   47 0000008C EAFFFFF8        b                Bsorting
   48 00000090         resort
   49 00000090 E5C24000        STRB             R4,    [R2]
   50 00000094 E5C13000        STRB             R3,    [R1]
   51 00000098 E5D14000        LDRB             R4,    [R1]
   52 0000009C EAFFFFF4        b                Bsorting
   53 000000A0         Bcomplete
   54 000000A0 E3A00000        LDR              R0, = 0     ;assume isnt anagra
                                                            m
   55 000000A4 E59F102C        LDR              R1, = stringA
   56 000000A8 E59F202C        LDR              R2, = stringB



ARM Macro Assembler    Page 2 


   57 000000AC EA000001        b                firstletter
   58 000000B0         nextletter
   59 000000B0 E2811001        ADD              R1,     R1,     #1
   60 000000B4 E2822001        ADD              R2,     R2,     #1
   61 000000B8         firstletter
   62 000000B8 E5D13000        LDRB             R3,     [R1]
   63 000000BC E5D24000        LDRB             R4,     [R2]
   64 000000C0 E1530004        CMP              R3,     R4
   65 000000C4 1A000002        BNE              stop
   66 000000C8 E3530000        CMP              R3, #0
   67 000000CC 1AFFFFF7        BNE              nextletter
   68 000000D0 E3A00001        LDR              R0, = 1     ;is anagram     
   69 000000D4         
   70 000000D4 EAFFFFFE 
                       stop    B                stop
   71 000000D8         
   72 000000D8         
   73 000000D8         
   74 000000D8 00000000 
              00000000 
              00000000 
              00000000         AREA             TestData, DATA, READWRITE
   75 00000000         
   76 00000000 62 65 73 
              74 73 00 stringA DCB              "bests",0
   77 00000006 62 65 65 
              74 73 00 stringB DCB              "beets",0
   78 0000000C         
   79 0000000C                 END
Command Line: --debug --xref --apcs=interwork --depend=.\anagram.d -o.\anagram.
o -IC:\Keil\ARM\RV31\INC -IC:\Keil\ARM\CMSIS\Include -IC:\Keil\ARM\Inc\Philips 
--predefine="__EVAL SETA 1" --predefine="__MICROLIB SETA 1" --predefine="NO_CLO
CK_SETUP SETA 1" --predefine="NO_EMC_SETUP SETA 1" --predefine="RAM_INTVEC SETA
 1" --predefine="RAM_MODE SETA 1" --predefine="REMAP SETA 1" --list=.\anagram.l
st Anagram.s



ARM Macro Assembler    Page 1 Alphabetic symbol ordering
Relocatable symbols

Acomplete 00000050

Symbol: Acomplete
   Definitions
      At line 29 in file Anagram.s
   Uses
      At line 14 in file Anagram.s
Comment: Acomplete used once
Anagram 00000000

Symbol: Anagram
   Definitions
      At line 1 in file Anagram.s
   Uses
      None
Comment: Anagram unused
Asorting 00000024

Symbol: Asorting
   Definitions
      At line 16 in file Anagram.s
   Uses
      At line 9 in file Anagram.s
      At line 23 in file Anagram.s
      At line 28 in file Anagram.s

Bcomplete 000000A0

Symbol: Bcomplete
   Definitions
      At line 53 in file Anagram.s
   Uses
      At line 38 in file Anagram.s
Comment: Bcomplete used once
Bsorting 00000074

Symbol: Bsorting
   Definitions
      At line 40 in file Anagram.s
   Uses
      At line 33 in file Anagram.s
      At line 47 in file Anagram.s
      At line 52 in file Anagram.s

firstletter 000000B8

Symbol: firstletter
   Definitions
      At line 61 in file Anagram.s
   Uses
      At line 57 in file Anagram.s
Comment: firstletter used once
nextchar 00000010

Symbol: nextchar
   Definitions
      At line 10 in file Anagram.s
   Uses
      At line 20 in file Anagram.s



ARM Macro Assembler    Page 2 Alphabetic symbol ordering
Relocatable symbols

Comment: nextchar used once
nextletter 000000B0

Symbol: nextletter
   Definitions
      At line 58 in file Anagram.s
   Uses
      At line 67 in file Anagram.s
Comment: nextletter used once
nextvalue 00000060

Symbol: nextvalue
   Definitions
      At line 34 in file Anagram.s
   Uses
      At line 44 in file Anagram.s
Comment: nextvalue used once
resort 00000090

Symbol: resort
   Definitions
      At line 48 in file Anagram.s
   Uses
      At line 46 in file Anagram.s
Comment: resort used once
start 00000000

Symbol: start
   Definitions
      At line 5 in file Anagram.s
   Uses
      At line 3 in file Anagram.s
Comment: start used once
stop 000000D4

Symbol: stop
   Definitions
      At line 70 in file Anagram.s
   Uses
      At line 65 in file Anagram.s
      At line 70 in file Anagram.s

swap 00000040

Symbol: swap
   Definitions
      At line 24 in file Anagram.s
   Uses
      At line 22 in file Anagram.s
Comment: swap used once
13 symbols



ARM Macro Assembler    Page 1 Alphabetic symbol ordering
Relocatable symbols

TestData 00000000

Symbol: TestData
   Definitions
      At line 74 in file Anagram.s
   Uses
      None
Comment: TestData unused
stringA 00000000

Symbol: stringA
   Definitions
      At line 76 in file Anagram.s
   Uses
      At line 6 in file Anagram.s
      At line 55 in file Anagram.s

stringB 00000006

Symbol: stringB
   Definitions
      At line 77 in file Anagram.s
   Uses
      At line 30 in file Anagram.s
      At line 56 in file Anagram.s

3 symbols



ARM Macro Assembler    Page 1 Alphabetic symbol ordering
External symbols

main 00000000

Symbol: main
   Definitions
      At line 2 in file Anagram.s
   Uses
      None
Comment: main unused
1 symbol
356 symbols in table
