


ARM Macro Assembler    Page 1 


    1 00000000                 AREA             Unique, CODE, READONLY
    2 00000000                 IMPORT           main
    3 00000000                 EXPORT           start
    4 00000000         
    5 00000000         start
    6 00000000         
    7 00000000 E59F2058        LDR              R2, = VALUES
    8 00000004 E59F1058        LDR              R1, = COUNT
    9 00000008 E5911000        LDR              R1, [R1]    ;R1 = number of ele
                                                            ments in set
   10 0000000C E3A00000        LDR              R0, = 0     ;Assume its not a u
                                                            nique set
   11 00000010 E3A06001        LDR              R6, = 1     ;Since we start on 
                                                            the second value
   12 00000014 E1A04002        MOV              R4,     R2  ;Now R4 has same ad
                                                            ress as R2
   13 00000018 EA000005        b                loopstart   ;skip loop part
   14 0000001C         loop
   15 0000001C E2411001        SUB              R1, R1, #1
   16 00000020 E3510001        CMP              R1, #1      ;check if theres on
                                                            ly one value left i
                                                            n set
   17 00000024 9A00000B        BLS              unique
   18 00000028 E2822004        ADD              R2, R2, #4
   19 0000002C E1A04002        MOV              R4,     R2  ;Now R4 has same ad
                                                            ress as R2
   20 00000030 E3A06001        LDR              R6, = 1
   21 00000034         loopstart
   22 00000034 E2844004        ADD              R4, R4, #4  ;go to next memory 
                                                            address 
   23 00000038 E5923000        LDR              R3, [R2]    ;Load address value
                                                             to R3
   24 0000003C E5945000        LDR              R5, [R4]    ;load next address 
                                                            value to R5 for com
                                                            parison
   25 00000040 E1550003        CMP              R5, R3
   26 00000044 0A000004        BEQ              stop        ;If both are equal 
                                                            end program
   27 00000048 E2866001        ADD              R6, R6, #1  ;increment total co
                                                            unt by one
   28 0000004C E1560001        CMP              R6, R1      ;check count vs rem
                                                            aining elements in 
                                                            set
   29 00000050 2AFFFFF1        BHS              loop        ;if same check next
                                                             element in set
   30 00000054 EAFFFFF6        b                loopstart   ;else check against
                                                             next element in se
                                                            t        
   31 00000058         unique
   32 00000058 E3A00001        LDR              R0, = 1
   33 0000005C         
   34 0000005C EAFFFFFE 
                       stop    B                stop
   35 00000060         
   36 00000060         
   37 00000060 00000000 
              00000000         AREA             TestData, DATA, READWRITE
   38 00000000         
   39 00000000 0000000A 



ARM Macro Assembler    Page 2 


                       COUNT   DCD              10
   40 00000004 00000005 
              00000002 
              00000007 
              00000004 
              0000000D 
              00000006 
              00000012 
              00000008 
              00000009 
              0000000C VALUES  DCD              5, 2, 7, 4, 13, 6, 18, 8, 9, 12
   41 0000002C         
   42 0000002C         
   43 0000002C                 END
Command Line: --debug --xref --apcs=interwork --depend=.\unique.d -o.\unique.o 
-IC:\Keil\ARM\RV31\INC -IC:\Keil\ARM\CMSIS\Include -IC:\Keil\ARM\Inc\Philips --
predefine="__EVAL SETA 1" --predefine="__MICROLIB SETA 1" --predefine="NO_CLOCK
_SETUP SETA 1" --predefine="NO_EMC_SETUP SETA 1" --predefine="RAM_INTVEC SETA 1
" --predefine="RAM_MODE SETA 1" --predefine="REMAP SETA 1" --list=.\unique.lst 
Unique.s



ARM Macro Assembler    Page 1 Alphabetic symbol ordering
Relocatable symbols

Unique 00000000

Symbol: Unique
   Definitions
      At line 1 in file Unique.s
   Uses
      None
Comment: Unique unused
loop 0000001C

Symbol: loop
   Definitions
      At line 14 in file Unique.s
   Uses
      At line 29 in file Unique.s
Comment: loop used once
loopstart 00000034

Symbol: loopstart
   Definitions
      At line 21 in file Unique.s
   Uses
      At line 13 in file Unique.s
      At line 30 in file Unique.s

start 00000000

Symbol: start
   Definitions
      At line 5 in file Unique.s
   Uses
      At line 3 in file Unique.s
Comment: start used once
stop 0000005C

Symbol: stop
   Definitions
      At line 34 in file Unique.s
   Uses
      At line 26 in file Unique.s
      At line 34 in file Unique.s

unique 00000058

Symbol: unique
   Definitions
      At line 31 in file Unique.s
   Uses
      At line 17 in file Unique.s
Comment: unique used once
6 symbols



ARM Macro Assembler    Page 1 Alphabetic symbol ordering
Relocatable symbols

COUNT 00000000

Symbol: COUNT
   Definitions
      At line 39 in file Unique.s
   Uses
      At line 8 in file Unique.s
Comment: COUNT used once
TestData 00000000

Symbol: TestData
   Definitions
      At line 37 in file Unique.s
   Uses
      None
Comment: TestData unused
VALUES 00000004

Symbol: VALUES
   Definitions
      At line 40 in file Unique.s
   Uses
      At line 7 in file Unique.s
Comment: VALUES used once
3 symbols



ARM Macro Assembler    Page 1 Alphabetic symbol ordering
External symbols

main 00000000

Symbol: main
   Definitions
      At line 2 in file Unique.s
   Uses
      None
Comment: main unused
1 symbol
349 symbols in table
