


ARM Macro Assembler    Page 1 


    1 00000000                 AREA             StackReverse, CODE, READONLY
    2 00000000                 IMPORT           main
    3 00000000                 EXPORT           start
    4 00000000         
    5 00000000         start
    6 00000000         
    7 00000000 E59F503C        LDR              R5, =string
    8 00000004 E3A06000        LDR              R6, = 0     ;counter
    9 00000008         stackstore
   10 00000008 E5D54000        LDRB             R4,      [R5]
   11 0000000C E3540000        CMP              R4,     #0
   12 00000010 0A000003        BEQ              reverse
   13 00000014 E56D4001        STRB             R4,     [R13,   #-1]!
   14 00000018 E2855001        ADD              R5,     R5,     #1
   15 0000001C E2866001        ADD              R6,     R6,     #1
   16 00000020 EAFFFFF8        b                stackstore
   17 00000024         reverse
   18 00000024 E59F5018        LDR              R5, =string
   19 00000028         transfer
   20 00000028 E3560000        CMP              R6,     #0
   21 0000002C 0A000003        BEQ              stop
   22 00000030 E4DD4001        LDRB             R4,     [R13], #1
   23 00000034 E4C54001        STRB             R4,     [R5],    #1
   24 00000038 E2466001        SUB              R6,     R6,     #1
   25 0000003C EAFFFFF9        b                transfer
   26 00000040         
   27 00000040 EAFFFFFE 
                       stop    B                stop
   28 00000044         
   29 00000044         
   30 00000044 00000000 
              00000000         AREA             TestString, DATA, READWRITE
   31 00000000         
   32 00000000 61 62 63 
              64 65 66 string  DCB              "abcdef"
   33 00000006         
   34 00000006                 END
Command Line: --debug --xref --apcs=interwork --depend=.\stackreverse.d -o.\sta
ckreverse.o -IC:\Keil\ARM\RV31\INC -IC:\Keil\ARM\CMSIS\Include -IC:\Keil\ARM\In
c\Philips --predefine="__EVAL SETA 1" --predefine="__MICROLIB SETA 1" --predefi
ne="NO_CLOCK_SETUP SETA 1" --predefine="NO_EMC_SETUP SETA 1" --predefine="RAM_I
NTVEC SETA 1" --predefine="RAM_MODE SETA 1" --predefine="REMAP SETA 1" --list=.
\stackreverse.lst StackReverse.s



ARM Macro Assembler    Page 1 Alphabetic symbol ordering
Relocatable symbols

StackReverse 00000000

Symbol: StackReverse
   Definitions
      At line 1 in file StackReverse.s
   Uses
      None
Comment: StackReverse unused
reverse 00000024

Symbol: reverse
   Definitions
      At line 17 in file StackReverse.s
   Uses
      At line 12 in file StackReverse.s
Comment: reverse used once
stackstore 00000008

Symbol: stackstore
   Definitions
      At line 9 in file StackReverse.s
   Uses
      At line 16 in file StackReverse.s
Comment: stackstore used once
start 00000000

Symbol: start
   Definitions
      At line 5 in file StackReverse.s
   Uses
      At line 3 in file StackReverse.s
Comment: start used once
stop 00000040

Symbol: stop
   Definitions
      At line 27 in file StackReverse.s
   Uses
      At line 21 in file StackReverse.s
      At line 27 in file StackReverse.s

transfer 00000028

Symbol: transfer
   Definitions
      At line 19 in file StackReverse.s
   Uses
      At line 25 in file StackReverse.s
Comment: transfer used once
6 symbols



ARM Macro Assembler    Page 1 Alphabetic symbol ordering
Relocatable symbols

TestString 00000000

Symbol: TestString
   Definitions
      At line 30 in file StackReverse.s
   Uses
      None
Comment: TestString unused
string 00000000

Symbol: string
   Definitions
      At line 32 in file StackReverse.s
   Uses
      At line 7 in file StackReverse.s
      At line 18 in file StackReverse.s

2 symbols



ARM Macro Assembler    Page 1 Alphabetic symbol ordering
External symbols

main 00000000

Symbol: main
   Definitions
      At line 2 in file StackReverse.s
   Uses
      None
Comment: main unused
1 symbol
348 symbols in table
