


ARM Macro Assembler    Page 1 


    1 00000000                 AREA             ArrayMove, CODE, READONLY
    2 00000000                 IMPORT           main
    3 00000000                 EXPORT           start
    4 00000000         
    5 00000000         start
    6 00000000 E59F0014        LDR              R0, =array
    7 00000004 E3A01009        LDR              R1, =N
    8 00000008 E3A02006        LDR              R2, =6      ; move from index
    9 0000000C E3A03003        LDR              R3, =3      ; move to index
   10 00000010         
   11 00000010 E7904103        LDR              R4,     [R0,R3,LSL #2] ;value a
                                                            t position 3
   12 00000014 E7905102        LDR              R5,     [R0,R2,LSL #2] ;value a
                                                            t position 6
   13 00000018         
   14 00000018         
   15 00000018         
   16 00000018         ;
   17 00000018         ; your program here
   18 00000018         ;
   19 00000018         
   20 00000018 EAFFFFFE 
                       stop    B                stop
   21 0000001C         
   22 0000001C         
   23 0000001C 00000000 
              00000000         AREA             TestArray, DATA, READWRITE
   24 00000000         
   25 00000000 00000009 
                       N       equ              9
   26 00000000 00000007 
              00000002 
              00000005 
              00000009 
              00000001 
              00000003 
              00000002 
              00000003 
              00000004 array   DCD              7,2,5,9,1,3,2,3,4
   27 00000024         
   28 00000024                 END
Command Line: --debug --xref --apcs=interwork --depend=.\arraymove.d -o.\arraym
ove.o -IC:\Keil\ARM\RV31\INC -IC:\Keil\ARM\CMSIS\Include -IC:\Keil\ARM\Inc\Phil
ips --predefine="__EVAL SETA 1" --predefine="__MICROLIB SETA 1" --predefine="NO
_CLOCK_SETUP SETA 1" --predefine="NO_EMC_SETUP SETA 1" --predefine="RAM_INTVEC 
SETA 1" --predefine="RAM_MODE SETA 1" --predefine="REMAP SETA 1" --list=.\array
move.lst ArrayMove.s



ARM Macro Assembler    Page 1 Alphabetic symbol ordering
Relocatable symbols

ArrayMove 00000000

Symbol: ArrayMove
   Definitions
      At line 1 in file ArrayMove.s
   Uses
      None
Comment: ArrayMove unused
start 00000000

Symbol: start
   Definitions
      At line 5 in file ArrayMove.s
   Uses
      At line 3 in file ArrayMove.s
Comment: start used once
stop 00000018

Symbol: stop
   Definitions
      At line 20 in file ArrayMove.s
   Uses
      At line 20 in file ArrayMove.s
Comment: stop used once
3 symbols



ARM Macro Assembler    Page 1 Alphabetic symbol ordering
Relocatable symbols

TestArray 00000000

Symbol: TestArray
   Definitions
      At line 23 in file ArrayMove.s
   Uses
      None
Comment: TestArray unused
array 00000000

Symbol: array
   Definitions
      At line 26 in file ArrayMove.s
   Uses
      At line 6 in file ArrayMove.s
Comment: array used once
2 symbols



ARM Macro Assembler    Page 1 Alphabetic symbol ordering
Absolute symbols

N 00000009

Symbol: N
   Definitions
      At line 25 in file ArrayMove.s
   Uses
      At line 7 in file ArrayMove.s
Comment: N used once
1 symbol



ARM Macro Assembler    Page 1 Alphabetic symbol ordering
External symbols

main 00000000

Symbol: main
   Definitions
      At line 2 in file ArrayMove.s
   Uses
      None
Comment: main unused
1 symbol
346 symbols in table
