


ARM Macro Assembler    Page 1 


    1 00000000                 AREA             Closure, CODE, READONLY
    2 00000000                 IMPORT           main
    3 00000000                 EXPORT           start
    4 00000000         
    5 00000000         start
    6 00000000 E59F109C        LDR              R1, =ASize
    7 00000004 E5911000        LDR              R1, [R1]
    8 00000008 E59F2098        LDR              R2, =AElems
    9 0000000C E3A07000        LDR              R7, = 0     ;temporary counter
   10 00000010 E1A00001        MOV              R0,     R1  ;To remember total 
                                                            number of elements 
                                                            in set
   11 00000014 E1B010A1        MOVS             R1,     R1,     LSR   #1 
                                                            ;Halves the size
   12 00000018 3A00000A        BCC              first       ;checks if uneven
   13 0000001C E1A04002        MOV              R4,     R2
   14 00000020         uneven                               ;iterate over set t
                                                            o check for a 0
   15 00000020 E2877001        ADD              R7,     R7,     #1 ;counter++
   16 00000024 E5945000        LDR              R5,     [R4]
   17 00000028 E3550000        CMP              R5,     #0
   18 0000002C 0A000005        BEQ              first
   19 00000030 E2844004        ADD              R4,     R4,     #4
   20 00000034 E1500007        CMP              R0,     R7
   21 00000038 9A000017        BLS              notclosed
   22 0000003C EAFFFFF7        b                uneven
   23 00000040         next
   24 00000040 E2822004        ADD              R2, #4      ;Moves to next addr
                                                            ess
   25 00000044 E2400001        SUB              R0,     R0,     #1 ;Since we mo
                                                            ved to next element
                                                            
   26 00000048         first
   27 00000048 E5923000        LDR              R3, [R2]    ; element at addres
                                                            s
   28 0000004C E1A04002        MOV              R4,     R2  ;secondary adress c
                                                            ounter
   29 00000050 E3A07000        LDR              R7, = 0     ;temporary counter
   30 00000054 E3530000        CMP              R3,     #0  ;if (element != 0)
   31 00000058 0AFFFFF8        BEQ              next
   32 0000005C         while
   33 0000005C E2844004        ADD              R4,     R4,     #4 ;Moves to ne
                                                            xt element to compa
                                                            re
   34 00000060 E2877001        ADD              R7,     R7,     #1 ;counter++
   35 00000064 E1500007        CMP              R0,     R7
   36 00000068 3A00000B        BLO              notclosed
   37 0000006C         
   38 0000006C E5945000        LDR              R5,     [R4]
   39 00000070 E0856003        ADD              R6,     R5,     R3 ;Adds elemen
                                                            ts in both addresse
                                                            s
   40 00000074 E3560000        CMP              R6,     #0  ;Checks if negation
                                                            
   41 00000078 1AFFFFF7        BNE              while       ;if not compare to 
                                                            next element
   42 0000007C E5846000        STR              R6,     [R4]
   43 00000080 E5826000        STR              R6,     [R2] ;replaces both loc
                                                            ations with 0



ARM Macro Assembler    Page 2 


   44 00000084 E2411001        SUB              R1,     R1,     #1 
                                                            ;elements/2 --
   45 00000088 E3510000        CMP              R1,     #0
   46 0000008C 0A000000        BEQ              closed
   47 00000090 EAFFFFEA        b                next
   48 00000094         closed
   49 00000094 E3A00001        LDR              R0, = 1
   50 00000098 EA000000        b                stop
   51 0000009C         notclosed
   52 0000009C E3A00000        LDR              R0, = 0
   53 000000A0         
   54 000000A0 EAFFFFFE 
                       stop    B                stop
   55 000000A4         
   56 000000A4         
   57 000000A4 00000000 
              00000000         AREA             TestData, DATA, READWRITE
   58 00000000         
   59 00000000 00000008 
                       ASize   DCD              8           ; Number of element
                                                            s in A
   60 00000004 00000004 
              FFFFFFFA 
              FFFFFFFC 
              00000003 
              FFFFFFF8 
              00000006 
              00000008 
              FFFFFFFD AElems  DCD              +4,-6,-4,+3,-8,+6,+8,-3 
                                                            ; Elements of A
   61 00000024         
   62 00000024                 END
Command Line: --debug --xref --apcs=interwork --depend=.\closure.d -o.\closure.
o -IC:\Keil\ARM\RV31\INC -IC:\Keil\ARM\CMSIS\Include -IC:\Keil\ARM\Inc\Philips 
--predefine="__EVAL SETA 1" --predefine="__MICROLIB SETA 1" --predefine="NO_CLO
CK_SETUP SETA 1" --predefine="NO_EMC_SETUP SETA 1" --predefine="RAM_INTVEC SETA
 1" --predefine="RAM_MODE SETA 1" --predefine="REMAP SETA 1" --list=.\closure.l
st Closure.s



ARM Macro Assembler    Page 1 Alphabetic symbol ordering
Relocatable symbols

Closure 00000000

Symbol: Closure
   Definitions
      At line 1 in file Closure.s
   Uses
      None
Comment: Closure unused
closed 00000094

Symbol: closed
   Definitions
      At line 48 in file Closure.s
   Uses
      At line 46 in file Closure.s
Comment: closed used once
first 00000048

Symbol: first
   Definitions
      At line 26 in file Closure.s
   Uses
      At line 12 in file Closure.s
      At line 18 in file Closure.s

next 00000040

Symbol: next
   Definitions
      At line 23 in file Closure.s
   Uses
      At line 31 in file Closure.s
      At line 47 in file Closure.s

notclosed 0000009C

Symbol: notclosed
   Definitions
      At line 51 in file Closure.s
   Uses
      At line 21 in file Closure.s
      At line 36 in file Closure.s

start 00000000

Symbol: start
   Definitions
      At line 5 in file Closure.s
   Uses
      At line 3 in file Closure.s
Comment: start used once
stop 000000A0

Symbol: stop
   Definitions
      At line 54 in file Closure.s
   Uses
      At line 50 in file Closure.s
      At line 54 in file Closure.s



ARM Macro Assembler    Page 2 Alphabetic symbol ordering
Relocatable symbols


uneven 00000020

Symbol: uneven
   Definitions
      At line 14 in file Closure.s
   Uses
      At line 22 in file Closure.s
Comment: uneven used once
while 0000005C

Symbol: while
   Definitions
      At line 32 in file Closure.s
   Uses
      At line 41 in file Closure.s
Comment: while used once
9 symbols



ARM Macro Assembler    Page 1 Alphabetic symbol ordering
Relocatable symbols

AElems 00000004

Symbol: AElems
   Definitions
      At line 60 in file Closure.s
   Uses
      At line 8 in file Closure.s
Comment: AElems used once
ASize 00000000

Symbol: ASize
   Definitions
      At line 59 in file Closure.s
   Uses
      At line 6 in file Closure.s
Comment: ASize used once
TestData 00000000

Symbol: TestData
   Definitions
      At line 57 in file Closure.s
   Uses
      None
Comment: TestData unused
3 symbols



ARM Macro Assembler    Page 1 Alphabetic symbol ordering
External symbols

main 00000000

Symbol: main
   Definitions
      At line 2 in file Closure.s
   Uses
      None
Comment: main unused
1 symbol
352 symbols in table
