


ARM Macro Assembler    Page 1 


    1 00000000                 AREA             Shift64, CODE, READONLY
    2 00000000                 IMPORT           main
    3 00000000                 EXPORT           start
    4 00000000         
    5 00000000         start
    6 00000000 E59F0050        LDR              R0, =0x13131313
    7 00000004 E59F104C        LDR              R1, =0x13131313
    8 00000008 E3A02002        LDR              R2, = 2
    9 0000000C E3A05000        LDR              R5, = 0     ;To change sign if 
                                                            negative
   10 00000010 E3520000        CMP              R2, #0
   11 00000014 BA000001        BLT              leftshift
   12 00000018 CA000007        BGT              rightshift
   13 0000001C EA00000C        b                stop
   14 00000020         leftshift
   15 00000020 E2823020        ADD              R3,     R2,     #32 ;to clear a
                                                            ll other bits + mov
                                                            e it
   16 00000024 E1A04330        LSR              R4,     R0,     R3 ;gets just t
                                                            he bit to be shifte
                                                            d
   17 00000028 E0455002        SUB              R5,     R5,     R2
   18 0000002C E1A01511        LSL              R1,     R1,     R5
   19 00000030 E1A00510        LSL              R0,     R0,     R5
   20 00000034 E1811004        ORR              R1,     R1,     R4 ;Adds the sh
                                                            ifted bits
   21 00000038 EA000005        b                stop
   22 0000003C         rightshift
   23 0000003C E2423020        SUB              R3,     R2,     #32
   24 00000040 E0453003        SUB              R3,     R5,     R3 ;Similar to 
                                                            shifting left
   25 00000044 E1A04311        LSL              R4,     R1,     R3 ;Gets just t
                                                            he bit that will be
                                                             transfered
   26 00000048 E1A01231        LSR              R1,     R1,     R2
   27 0000004C E1A00230        LSR              R0,     R0,     R2
   28 00000050 E1800004        ORR              R0,     R0,     R4 ;Adds the sh
                                                            ifted bits
   29 00000054         
   30 00000054         ; your program goes here
   31 00000054         
   32 00000054 EAFFFFFE 
                       stop    B                stop
   33 00000058         
   34 00000058         
   35 00000058                 END
              13131313 
Command Line: --debug --xref --apcs=interwork --depend=.\shift64.d -o.\shift64.
o -IC:\Keil\ARM\RV31\INC -IC:\Keil\ARM\CMSIS\Include -IC:\Keil\ARM\Inc\Philips 
--predefine="__EVAL SETA 1" --predefine="__MICROLIB SETA 1" --predefine="NO_CLO
CK_SETUP SETA 1" --predefine="NO_EMC_SETUP SETA 1" --predefine="RAM_INTVEC SETA
 1" --predefine="RAM_MODE SETA 1" --predefine="REMAP SETA 1" --list=.\shift64.l
st Shift64.s



ARM Macro Assembler    Page 1 Alphabetic symbol ordering
Relocatable symbols

Shift64 00000000

Symbol: Shift64
   Definitions
      At line 1 in file Shift64.s
   Uses
      None
Comment: Shift64 unused
leftshift 00000020

Symbol: leftshift
   Definitions
      At line 14 in file Shift64.s
   Uses
      At line 11 in file Shift64.s
Comment: leftshift used once
rightshift 0000003C

Symbol: rightshift
   Definitions
      At line 22 in file Shift64.s
   Uses
      At line 12 in file Shift64.s
Comment: rightshift used once
start 00000000

Symbol: start
   Definitions
      At line 5 in file Shift64.s
   Uses
      At line 3 in file Shift64.s
Comment: start used once
stop 00000054

Symbol: stop
   Definitions
      At line 32 in file Shift64.s
   Uses
      At line 13 in file Shift64.s
      At line 21 in file Shift64.s
      At line 32 in file Shift64.s

5 symbols



ARM Macro Assembler    Page 1 Alphabetic symbol ordering
External symbols

main 00000000

Symbol: main
   Definitions
      At line 2 in file Shift64.s
   Uses
      None
Comment: main unused
1 symbol
345 symbols in table
