


ARM Macro Assembler    Page 1 


    1 00000000                 AREA             ShiftAndAdd, CODE, READONLY
    2 00000000                 IMPORT           main
    3 00000000                 EXPORT           start
    4 00000000         
    5 00000000         start
    6 00000000 E3A01009        LDR              R1, =9
    7 00000004 E3A0200A        LDR              R2, =10
    8 00000008 E3A03000        LDR              R3, = 0
    9 0000000C E3A00000        LDR              R0, = 0
   10 00000010 E3520000        CMP              R2, #0
   11 00000014 1A000000        BNE              whle
   12 00000018 E1A01002        MOV              R1, R2      ;number*0 = 0
   13 0000001C         whle
   14 0000001C E3520000        CMP              R2, #0      ;end when number is
                                                             shifted out fully
   15 00000020 0A000006        BEQ              stop
   16 00000024 E1B020A2        MOVS             R2, R2, LSR #1 
                                                            ;shift out one bit
   17 00000028 2A000001        BCS              mult        ;if 1 multiply othe
                                                            rwise dont
   18 0000002C E2833001        ADD              R3,  R3,  #1 ;add one to count
   19 00000030 EAFFFFF9        b                whle
   20 00000034         mult
   21 00000034 E0800311        ADD              R0, R0, R1, LSL R3 ;multiply by
                                                             2^count
   22 00000038 E2833001        ADD              R3,  R3,  #1 ;count++  
   23 0000003C EAFFFFF6        b                whle
   24 00000040         
   25 00000040 EAFFFFFE 
                       stop    B                stop
   26 00000044         
   27 00000044         
   28 00000044                 END
Command Line: --debug --xref --apcs=interwork --depend=.\shiftandadd.d -o.\shif
tandadd.o -IC:\Keil\ARM\RV31\INC -IC:\Keil\ARM\CMSIS\Include -IC:\Keil\ARM\Inc\
Philips --predefine="__EVAL SETA 1" --predefine="__MICROLIB SETA 1" --predefine
="NO_CLOCK_SETUP SETA 1" --predefine="NO_EMC_SETUP SETA 1" --predefine="RAM_INT
VEC SETA 1" --predefine="RAM_MODE SETA 1" --predefine="REMAP SETA 1" --list=.\s
hiftandadd.lst ShiftAndAdd.s



ARM Macro Assembler    Page 1 Alphabetic symbol ordering
Relocatable symbols

ShiftAndAdd 00000000

Symbol: ShiftAndAdd
   Definitions
      At line 1 in file ShiftAndAdd.s
   Uses
      None
Comment: ShiftAndAdd unused
mult 00000034

Symbol: mult
   Definitions
      At line 20 in file ShiftAndAdd.s
   Uses
      At line 17 in file ShiftAndAdd.s
Comment: mult used once
start 00000000

Symbol: start
   Definitions
      At line 5 in file ShiftAndAdd.s
   Uses
      At line 3 in file ShiftAndAdd.s
Comment: start used once
stop 00000040

Symbol: stop
   Definitions
      At line 25 in file ShiftAndAdd.s
   Uses
      At line 15 in file ShiftAndAdd.s
      At line 25 in file ShiftAndAdd.s

whle 0000001C

Symbol: whle
   Definitions
      At line 13 in file ShiftAndAdd.s
   Uses
      At line 11 in file ShiftAndAdd.s
      At line 19 in file ShiftAndAdd.s
      At line 23 in file ShiftAndAdd.s

5 symbols



ARM Macro Assembler    Page 1 Alphabetic symbol ordering
External symbols

main 00000000

Symbol: main
   Definitions
      At line 2 in file ShiftAndAdd.s
   Uses
      None
Comment: main unused
1 symbol
343 symbols in table
