


ARM Macro Assembler    Page 1 


    1 00000000                 AREA             SymmDiff, CODE, READONLY
    2 00000000                 IMPORT           main
    3 00000000                 EXPORT           start
    4 00000000         
    5 00000000         start
    6 00000000 E59F0090        LDR              R0, =ASize
    7 00000004 E59F1090        LDR              R1, =AElems
    8 00000008 E5900000        LDR              R0,     [R0]
    9 0000000C E59F208C        LDR              R2, =BSize
   10 00000010 E59F308C        LDR              R3, =BElems
   11 00000014 E5922000        LDR              R2,     [R2] ;loads the size an
                                                            d set of elements
   12 00000018 E59F4088        LDR              R4, =CSize
   13 0000001C E59F5088        LDR              R5, =CElems
   14 00000020 E3A07000        LDR              R7, = 0     ;to store size of C
                                                            
   15 00000024         for                                  ;transfers A to C
   16 00000024 E3500000        CMP              R0,     #0
   17 00000028 0A00000B        BEQ              compare
   18 0000002C E5916000        LDR              R6,     [R1]
   19 00000030 E5856000        STR              R6,     [R5]
   20 00000034 E2400001        SUB              R0,     R0,     #1 ;decrease co
                                                            unt by one
   21 00000038 E2877001        ADD              R7,     R7,     #1 ;increase C 
                                                            size by one
   22 0000003C E2811004        ADD              R1,     R1,     #4 
                                                            ;next address
   23 00000040 E2855004        ADD              R5,     R5,     #4 
                                                            ;next C address
   24 00000044 EAFFFFF6        b                for
   25 00000048         transfer
   26 00000048 E2877001        ADD              R7,     R7,     #1 
                                                            ;increase C size
   27 0000004C E5850000        STR              R0,     [R5] ;transfers element
                                                             from b to C
   28 00000050 E2855004        ADD              R5,     R5,     #4 
                                                            ;next C address
   29 00000054         nextelement
   30 00000054 E2422001        SUB              R2,     R2,     #1 ;decrement r
                                                            emaining elements i
                                                            n B
   31 00000058 E2833004        ADD              R3,     R3,     #4 ;next addres
                                                            s of B       
   32 0000005C         compare                              ;compares each elem
                                                            ent of b against C
   33 0000005C E3520000        CMP              R2,     #0
   34 00000060 0A00000A        BEQ              ending      ;when finished chec
                                                            king B end
   35 00000064 E5930000        LDR              R0,     [R3] ;loads element fro
                                                            m set B
   36 00000068 E59F103C        LDR              R1, = CElems
   37 0000006C E1A09007        MOV              R9,     R7  ;transfers size of 
                                                            C temporarily
   38 00000070         loop
   39 00000070 E5918000        LDR              R8,     [R1] ;loads element fro
                                                            m C
   40 00000074 E1500008        CMP              R0,     R8  ;compares elements
   41 00000078 0AFFFFF5        BEQ              nextelement
   42 0000007C E2811004        ADD              R1,     R1,     #4 



ARM Macro Assembler    Page 2 


                                                            ;next address
   43 00000080 E2499001        SUB              R9,     R9,     #1 
                                                            ;decrements size
   44 00000084 E3590000        CMP              R9,     #0
   45 00000088 0AFFFFEE        BEQ              transfer
   46 0000008C EAFFFFF7        b                loop
   47 00000090         ending
   48 00000090 E5847000        STR              R7,     [R4]
   49 00000094         
   50 00000094         
   51 00000094 EAFFFFFE 
                       stop    B                stop
   52 00000098         
   53 00000098         
   54 00000098 00000000 
              00000000 
              00000000 
              00000000 
              00000000 
              00000000 
              00000000         AREA             TestData, DATA, READWRITE
   55 00000000         
   56 00000000 00000008 
                       ASize   DCD              8           ; Number of element
                                                            s in A
   57 00000004 00000004 
              00000006 
              00000002 
              0000000D 
              00000013 
              00000007 
              00000001 
              00000003 AElems  DCD              4,6,2,13,19,7,1,3 
                                                            ; Elements of A
   58 00000024         
   59 00000024 00000006 
                       BSize   DCD              6           ; Number of element
                                                            s in B
   60 00000028 0000000D 
              00000009 
              00000001 
              00000014 
              00000005 
              00000008 BElems  DCD              13,9,1,20,5,8 ; Elements of B
   61 00000040         
   62 00000040 00000000 
                       CSize   DCD              0           ; Number of element
                                                            s in C
   63 00000044 00 00 00 
              00 00 00 
              00 00 00 
              00 00 00 
              00 00 00 
              00 00 00 
              00 00 00 
              00 00 00 
              00 00 00 
              00 00 00 
              00 00 00 



ARM Macro Assembler    Page 3 


              00 00 00 
              00 00 00 
              00 00 00 
              00 00 00 
              00 00 00 
              00 00 00 
              00 00 00 
              00 00    CElems  SPACE            56          ; Elements of C
   64 0000007C         
   65 0000007C                 END
Command Line: --debug --xref --apcs=interwork --depend=.\symmdiff.d -o.\symmdif
f.o -IC:\Keil\ARM\RV31\INC -IC:\Keil\ARM\CMSIS\Include -IC:\Keil\ARM\Inc\Philip
s --predefine="__EVAL SETA 1" --predefine="__MICROLIB SETA 1" --predefine="NO_C
LOCK_SETUP SETA 1" --predefine="NO_EMC_SETUP SETA 1" --predefine="RAM_INTVEC SE
TA 1" --predefine="RAM_MODE SETA 1" --predefine="REMAP SETA 1" --list=.\symmdif
f.lst SymmDiff.s



ARM Macro Assembler    Page 1 Alphabetic symbol ordering
Relocatable symbols

SymmDiff 00000000

Symbol: SymmDiff
   Definitions
      At line 1 in file SymmDiff.s
   Uses
      None
Comment: SymmDiff unused
compare 0000005C

Symbol: compare
   Definitions
      At line 32 in file SymmDiff.s
   Uses
      At line 17 in file SymmDiff.s
Comment: compare used once
ending 00000090

Symbol: ending
   Definitions
      At line 47 in file SymmDiff.s
   Uses
      At line 34 in file SymmDiff.s
Comment: ending used once
for 00000024

Symbol: for
   Definitions
      At line 15 in file SymmDiff.s
   Uses
      At line 24 in file SymmDiff.s
Comment: for used once
loop 00000070

Symbol: loop
   Definitions
      At line 38 in file SymmDiff.s
   Uses
      At line 46 in file SymmDiff.s
Comment: loop used once
nextelement 00000054

Symbol: nextelement
   Definitions
      At line 29 in file SymmDiff.s
   Uses
      At line 41 in file SymmDiff.s
Comment: nextelement used once
start 00000000

Symbol: start
   Definitions
      At line 5 in file SymmDiff.s
   Uses
      At line 3 in file SymmDiff.s
Comment: start used once
stop 00000094

Symbol: stop



ARM Macro Assembler    Page 2 Alphabetic symbol ordering
Relocatable symbols

   Definitions
      At line 51 in file SymmDiff.s
   Uses
      At line 51 in file SymmDiff.s
Comment: stop used once
transfer 00000048

Symbol: transfer
   Definitions
      At line 25 in file SymmDiff.s
   Uses
      At line 45 in file SymmDiff.s
Comment: transfer used once
9 symbols



ARM Macro Assembler    Page 1 Alphabetic symbol ordering
Relocatable symbols

AElems 00000004

Symbol: AElems
   Definitions
      At line 57 in file SymmDiff.s
   Uses
      At line 7 in file SymmDiff.s
Comment: AElems used once
ASize 00000000

Symbol: ASize
   Definitions
      At line 56 in file SymmDiff.s
   Uses
      At line 6 in file SymmDiff.s
Comment: ASize used once
BElems 00000028

Symbol: BElems
   Definitions
      At line 60 in file SymmDiff.s
   Uses
      At line 10 in file SymmDiff.s
Comment: BElems used once
BSize 00000024

Symbol: BSize
   Definitions
      At line 59 in file SymmDiff.s
   Uses
      At line 9 in file SymmDiff.s
Comment: BSize used once
CElems 00000044

Symbol: CElems
   Definitions
      At line 63 in file SymmDiff.s
   Uses
      At line 13 in file SymmDiff.s
      At line 36 in file SymmDiff.s

CSize 00000040

Symbol: CSize
   Definitions
      At line 62 in file SymmDiff.s
   Uses
      At line 12 in file SymmDiff.s
Comment: CSize used once
TestData 00000000

Symbol: TestData
   Definitions
      At line 54 in file SymmDiff.s
   Uses
      None
Comment: TestData unused
7 symbols



ARM Macro Assembler    Page 1 Alphabetic symbol ordering
External symbols

main 00000000

Symbol: main
   Definitions
      At line 2 in file SymmDiff.s
   Uses
      None
Comment: main unused
1 symbol
356 symbols in table
