


ARM Macro Assembler    Page 1 


    1 00000000                 AREA             Divide, CODE, READONLY
    2 00000000                 IMPORT           main
    3 00000000                 EXPORT           start
    4 00000000         
    5 00000000         start
    6 00000000         
    7 00000000 E3A0201D        LDR              R2, = 29    ;R2 = a
    8 00000004 E3A03007        LDR              R3, = 7     ;R3 = b
    9 00000008 E3A00000        LDR              R0, = 0     ;To store quotient 
                                                            value
   10 0000000C E3530000        CMP              R3,#0
   11 00000010         while
   12 00000010 0A000005        BEQ              noremainder ;ends code if R3 = 
                                                            0 or 0 flag is set
   13 00000014 3A000002        BLO              endwh       ;ends code if R2<R3
                                                             or N flag is set,I
                                                             think thats how it
                                                             works
   14 00000018 E2800001        ADD              R0,     R0,     #1
   15 0000001C E0522003        SUBS             R2,     R2,     R3 ;Repeatedly 
                                                            subtracts R3 from R
                                                            2
   16 00000020 EAFFFFFA        B                while
   17 00000024         endwh
   18 00000024 E0821003        ADD              R1,     R2,      R3 ;Makes R1 t
                                                            he remainder
   19 00000028 E2400001        SUB              R0,     R0,      #1
   20 0000002C         noremainder
   21 0000002C         
   22 0000002C         
   23 0000002C EAFFFFFE 
                       stop    B                stop
   24 00000030         
   25 00000030                 END
Command Line: --debug --xref --apcs=interwork --depend=.\divide.d -o.\divide.o 
-IC:\Keil\ARM\RV31\INC -IC:\Keil\ARM\CMSIS\Include -IC:\Keil\ARM\Inc\Philips --
predefine="__EVAL SETA 1" --predefine="__MICROLIB SETA 1" --predefine="NO_CLOCK
_SETUP SETA 1" --predefine="NO_EMC_SETUP SETA 1" --predefine="RAM_INTVEC SETA 1
" --predefine="RAM_MODE SETA 1" --predefine="REMAP SETA 1" --list=.\divide.lst 
Divide.s



ARM Macro Assembler    Page 1 Alphabetic symbol ordering
Relocatable symbols

Divide 00000000

Symbol: Divide
   Definitions
      At line 1 in file Divide.s
   Uses
      None
Comment: Divide unused
endwh 00000024

Symbol: endwh
   Definitions
      At line 17 in file Divide.s
   Uses
      At line 13 in file Divide.s
Comment: endwh used once
noremainder 0000002C

Symbol: noremainder
   Definitions
      At line 20 in file Divide.s
   Uses
      At line 12 in file Divide.s
Comment: noremainder used once
start 00000000

Symbol: start
   Definitions
      At line 5 in file Divide.s
   Uses
      At line 3 in file Divide.s
Comment: start used once
stop 0000002C

Symbol: stop
   Definitions
      At line 23 in file Divide.s
   Uses
      At line 23 in file Divide.s
Comment: stop used once
while 00000010

Symbol: while
   Definitions
      At line 11 in file Divide.s
   Uses
      At line 16 in file Divide.s
Comment: while used once
6 symbols



ARM Macro Assembler    Page 1 Alphabetic symbol ordering
External symbols

main 00000000

Symbol: main
   Definitions
      At line 2 in file Divide.s
   Uses
      None
Comment: main unused
1 symbol
344 symbols in table
