


ARM Macro Assembler    Page 1 


    1 00000000                 AREA             GCD, CODE, READONLY
    2 00000000                 IMPORT           main
    3 00000000                 EXPORT           start
    4 00000000         
    5 00000000         start
    6 00000000 E3A02009        LDR              R2, =9      ;R2=a
    7 00000004 E3A03003        LDR              R3, =3      ;R3=b
    8 00000008         
    9 00000008 E1520003        CMP              R2,     R3  ;checks if both val
                                                            ues are equal
   10 0000000C         whileA
   11 0000000C 0A000004        BEQ              endwhile    ;If equal branches 
                                                            to endwhile
   12 00000010 9A000001        BLS              whileB      ;If a is less than 
                                                            b branches to while
                                                            B
   13 00000014 E0522003        SUBS             R2,     R2,     R3 ;If a is gre
                                                            ater,b is subtracte
                                                            d from a and stored
                                                             in A
   14 00000018 EAFFFFFB        B                whileA
   15 0000001C         whileB
   16 0000001C E0533002        SUBS             R3,     R3,     R2 ;If b is gre
                                                            ater,a is subtracte
                                                            d from b and stored
                                                             in b
   17 00000020 EAFFFFF9        B                whileA
   18 00000024         endwhile
   19 00000024 E0820003        ADD              R0,     R2,     R3
   20 00000028         
   21 00000028         
   22 00000028 EAFFFFFE 
                       stop    B                stop
   23 0000002C         
   24 0000002C                 END
Command Line: --debug --xref --apcs=interwork --depend=.\gcd.d -o.\gcd.o -IC:\K
eil\ARM\RV31\INC -IC:\Keil\ARM\CMSIS\Include -IC:\Keil\ARM\Inc\Philips --predef
ine="__EVAL SETA 1" --predefine="__MICROLIB SETA 1" --predefine="NO_CLOCK_SETUP
 SETA 1" --predefine="NO_EMC_SETUP SETA 1" --predefine="RAM_INTVEC SETA 1" --pr
edefine="RAM_MODE SETA 1" --predefine="REMAP SETA 1" --list=.\gcd.lst GCD.s



ARM Macro Assembler    Page 1 Alphabetic symbol ordering
Relocatable symbols

GCD 00000000

Symbol: GCD
   Definitions
      At line 1 in file GCD.s
   Uses
      None
Comment: GCD unused
endwhile 00000024

Symbol: endwhile
   Definitions
      At line 18 in file GCD.s
   Uses
      At line 11 in file GCD.s
Comment: endwhile used once
start 00000000

Symbol: start
   Definitions
      At line 5 in file GCD.s
   Uses
      At line 3 in file GCD.s
Comment: start used once
stop 00000028

Symbol: stop
   Definitions
      At line 22 in file GCD.s
   Uses
      At line 22 in file GCD.s
Comment: stop used once
whileA 0000000C

Symbol: whileA
   Definitions
      At line 10 in file GCD.s
   Uses
      At line 14 in file GCD.s
      At line 17 in file GCD.s

whileB 0000001C

Symbol: whileB
   Definitions
      At line 15 in file GCD.s
   Uses
      At line 12 in file GCD.s
Comment: whileB used once
6 symbols



ARM Macro Assembler    Page 1 Alphabetic symbol ordering
External symbols

main 00000000

Symbol: main
   Definitions
      At line 2 in file GCD.s
   Uses
      None
Comment: main unused
1 symbol
344 symbols in table
