


ARM Macro Assembler    Page 1 


    1 00000000                 AREA             MatMul, CODE, READONLY
    2 00000000                 IMPORT           main
    3 00000000                 EXPORT           start
    4 00000000         
    5 00000000         start
    6 00000000 E59F0080        LDR              R0, =matR
    7 00000004 E59F1080        LDR              R1, =matA
    8 00000008 E59F2080        LDR              R2, =matB
    9 0000000C E3A03004        LDR              R3, =N
   10 00000010         
   11 00000010 E3A04000        LDR              R4, =0      ; i = 0
   12 00000014 E3A05000        LDR              R5, =0      ; j = 0
   13 00000018 E3A06000        LDR              R6, =0      ; k = 0
   14 0000001C         
   15 0000001C         for1
   16 0000001C E1540003        CMP              R4, R3
   17 00000020 AA000017        BGE              stop
   18 00000024 E3A05000        LDR              R5, = 0     ;j = 0
   19 00000028         for2
   20 00000028 E1550003        CMP              R5, R3
   21 0000002C AA000012        BGE              endfor2
   22 00000030 E3A07000        LDR              R7, =0      ; r = 0
   23 00000034 E3A06000        LDR              R6, = 0     ;k = 0
   24 00000038         for3
   25 00000038 E1560003        CMP              R6, R3      ;for( k = 0 ;k<N ;k
                                                            ++)
   26 0000003C AA000009        BGE              endfor3
   27 00000040 E2866001        ADD              R6,     R6,     #1 ;k++
   28 00000044         
   29 00000044 E0090493        MUL              R9,     R3,     R4 ;i*N
   30 00000048 E0899006        ADD              R9,     R9,     R6 ;i*N + k
   31 0000004C E7919109        LDR              R9,     [R1,    R9,      LSL  #
2] 
                                                            ;A[i,k]
   32 00000050         
   33 00000050 E0080693        MUL              R8,     R3,     R6 ;k*N
   34 00000054 E0888005        ADD              R8,     R8,     R5 ;k*N + j
   35 00000058 E7928108        LDR              R8,     [R2,    R8,      LSL  #
2] 
                                                            ;B[k,j]
   36 0000005C         
   37 0000005C E00A0998        MUL              R10,     R8,     R9
   38 00000060 E087700A        ADD              R7,     R7,     R10 ; r = r + A
                                                            [i,k]*B[k,j]
   39 00000064 EAFFFFF3        b                for3
   40 00000068         endfor3
   41 00000068 E0090493        MUL              R9,     R3,     R4 ;i*N
   42 0000006C E0899005        ADD              R9,     R9,     R5 ;i*N + j
   43 00000070 E7807109        STR              R7,     [R0,    R9,      LSL  #
2] 
                                                            ;R[i,j] = r
   44 00000074 E2855001        ADD              R5,     R5,     #1 ;     ;j++
   45 00000078 EAFFFFEA        b                for2
   46 0000007C         endfor2
   47 0000007C E2844001        ADD              R4,     R4,     #1 ;     ;i++
   48 00000080 EAFFFFE5        b                for1
   49 00000084         
   50 00000084 EAFFFFFE 
                       stop    B                stop



ARM Macro Assembler    Page 2 


   51 00000088         
   52 00000088         
   53 00000088 00000000 
              00000000 
              00000000 
              00000000         AREA             TestArray, DATA, READWRITE
   54 00000000         
   55 00000000 00000004 
                       N       EQU              4
   56 00000000         
   57 00000000 00000005 
              00000004 
              00000003 
              00000002 matA    DCD              5,4,3,2
   58 00000010 00000003 
              00000004 
              00000003 
              00000004         DCD              3,4,3,4
   59 00000020 00000002 
              00000003 
              00000004 
              00000005         DCD              2,3,4,5
   60 00000030 00000004 
              00000003 
              00000004 
              00000003         DCD              4,3,4,3
   61 00000040         
   62 00000040 00000005 
              00000004 
              00000003 
              00000002 matB    DCD              5,4,3,2
   63 00000050 00000003 
              00000004 
              00000003 
              00000004         DCD              3,4,3,4
   64 00000060 00000002 
              00000003 
              00000004 
              00000005         DCD              2,3,4,5
   65 00000070 00000004 
              00000003 
              00000004 
              00000003         DCD              4,3,4,3
   66 00000080         
   67 00000080 00 00 00 
              00 00 00 
              00 00 00 
              00 00 00 
              00 00 00 
              00 00 00 
              00 00 00 
              00 00 00 
              00 00 00 
              00 00 00 
              00 00 00 
              00 00 00 
              00 00 00 
              00 00 00 
              00 00 00 



ARM Macro Assembler    Page 3 


              00 00 00 
              00 00 00 
              00 00 00 
              00 00 00 
              00 00 00 
              00 00 00 
              00       matR    SPACE            64
   68 000000C0         
   69 000000C0                 END
Command Line: --debug --xref --apcs=interwork --depend=.\matmul.d -o.\matmul.o 
-IC:\Keil\ARM\RV31\INC -IC:\Keil\ARM\CMSIS\Include -IC:\Keil\ARM\Inc\Philips --
predefine="__EVAL SETA 1" --predefine="__MICROLIB SETA 1" --predefine="NO_CLOCK
_SETUP SETA 1" --predefine="NO_EMC_SETUP SETA 1" --predefine="RAM_INTVEC SETA 1
" --predefine="RAM_MODE SETA 1" --predefine="REMAP SETA 1" --list=.\matmul.lst 
MatMul.s



ARM Macro Assembler    Page 1 Alphabetic symbol ordering
Relocatable symbols

MatMul 00000000

Symbol: MatMul
   Definitions
      At line 1 in file MatMul.s
   Uses
      None
Comment: MatMul unused
endfor2 0000007C

Symbol: endfor2
   Definitions
      At line 46 in file MatMul.s
   Uses
      At line 21 in file MatMul.s
Comment: endfor2 used once
endfor3 00000068

Symbol: endfor3
   Definitions
      At line 40 in file MatMul.s
   Uses
      At line 26 in file MatMul.s
Comment: endfor3 used once
for1 0000001C

Symbol: for1
   Definitions
      At line 15 in file MatMul.s
   Uses
      At line 48 in file MatMul.s
Comment: for1 used once
for2 00000028

Symbol: for2
   Definitions
      At line 19 in file MatMul.s
   Uses
      At line 45 in file MatMul.s
Comment: for2 used once
for3 00000038

Symbol: for3
   Definitions
      At line 24 in file MatMul.s
   Uses
      At line 39 in file MatMul.s
Comment: for3 used once
start 00000000

Symbol: start
   Definitions
      At line 5 in file MatMul.s
   Uses
      At line 3 in file MatMul.s
Comment: start used once
stop 00000084

Symbol: stop



ARM Macro Assembler    Page 2 Alphabetic symbol ordering
Relocatable symbols

   Definitions
      At line 50 in file MatMul.s
   Uses
      At line 17 in file MatMul.s
      At line 50 in file MatMul.s

8 symbols



ARM Macro Assembler    Page 1 Alphabetic symbol ordering
Relocatable symbols

TestArray 00000000

Symbol: TestArray
   Definitions
      At line 53 in file MatMul.s
   Uses
      None
Comment: TestArray unused
matA 00000000

Symbol: matA
   Definitions
      At line 57 in file MatMul.s
   Uses
      At line 7 in file MatMul.s
Comment: matA used once
matB 00000040

Symbol: matB
   Definitions
      At line 62 in file MatMul.s
   Uses
      At line 8 in file MatMul.s
Comment: matB used once
matR 00000080

Symbol: matR
   Definitions
      At line 67 in file MatMul.s
   Uses
      At line 6 in file MatMul.s
Comment: matR used once
4 symbols



ARM Macro Assembler    Page 1 Alphabetic symbol ordering
Absolute symbols

N 00000004

Symbol: N
   Definitions
      At line 55 in file MatMul.s
   Uses
      At line 9 in file MatMul.s
Comment: N used once
1 symbol



ARM Macro Assembler    Page 1 Alphabetic symbol ordering
External symbols

main 00000000

Symbol: main
   Definitions
      At line 2 in file MatMul.s
   Uses
      None
Comment: main unused
1 symbol
353 symbols in table
